<?xml version="1.0" encoding="UTF-8" ?>
<testsuite tests="4" failures="2" name="TestSuite" time="205.81" errors="0" skipped="0">
  <properties>
[...]
</properties>
  <testcase classname="com.yourcompany.Tests.FollowLinkTest" name="verifyLinkTest" time="39.701"/>
  <testcase classname="com.yourcompany.Tests.FollowLinkTest" name="verifyLinkTest" time="47.177"/>
  <testcase classname="com.yourcompany.Tests.TextInputTest" name="verifyCommentInputTest" time="50.219">
    <failure message="expected [true] but found [false]" type="java.lang.AssertionError">java.lang.AssertionError: expected [true] but found [false]
	at org.testng.Assert.fail(Assert.java:94)
	at org.testng.Assert.failNotEquals(Assert.java:513)
	at org.testng.Assert.assertTrue(Assert.java:42)
	at org.testng.Assert.assertTrue(Assert.java:52)
	at com.yourcompany.Tests.TextInputTest.verifyCommentInputTest(TextInputTest.java:42)
</failure>
    <system-out>SauceOnDemandSessionID=93ac8323481b4ae0a5cbc7add3d62a79 job-name=verifyCommentInputTest
Job link: https://saucelabs.com/jobs/93ac8323481b4ae0a5cbc7add3d62a79?auth=4036cfd18276d474f9696ca9cef75b54
</system-out>
  </testcase>
  <testcase classname="com.yourcompany.Tests.TextInputTest" name="verifyCommentInputTest" time="68.713">
    <failure message="expected [true] but found [false]" type="java.lang.AssertionError">java.lang.AssertionError: expected [true] but found [false]
	at org.testng.Assert.fail(Assert.java:94)
	at org.testng.Assert.failNotEquals(Assert.java:513)
	at org.testng.Assert.assertTrue(Assert.java:42)
	at org.testng.Assert.assertTrue(Assert.java:52)
	at com.yourcompany.Tests.TextInputTest.verifyCommentInputTest(TextInputTest.java:42)
</failure>
    <system-out>SauceOnDemandSessionID=c22a7c1466674f38b0f6ac752ff0a71b job-name=verifyCommentInputTest
Job link: https://saucelabs.com/jobs/c22a7c1466674f38b0f6ac752ff0a71b?auth=c8e0534006a1e94032cd2c228e89d0a3
</system-out>
  </testcase>
</testsuite>