<?xml version="1.0" encoding="UTF-8"?>
<!-- Generated by org.testng.reporters.JUnitXMLReporter -->
<testsuite hostname="Max-Dobeck-SL-0465.local" name="Command line test" tests="2" failures="0" timestamp="19 Sep 2018 17:54:53 GMT" time="16.922" errors="0">
  <testcase name="verifyCommentInputTest" time="15.953" classname="com.yourcompany.Tests.TextInputTest"/>
  <testcase name="verifyLinkTest" time="16.385" classname="com.yourcompany.Tests.FollowLinkTest"/>
</testsuite> <!-- Command line test -->
